\BOOKMARK [0][-]{chapter.1}{\376\377\000I\000n\000t\000r\000o\000d\000u\000c\000t\000i\000o\000n}{}% 1
\BOOKMARK [1][-]{section.1.1}{\376\377\000G\000o\000a\000l\000\040\000a\000n\000d\000\040\000M\000e\000t\000h\000o\000d\000o\000l\000o\000g\000y}{chapter.1}% 2
\BOOKMARK [1][-]{section.1.2}{\376\377\000S\000t\000r\000u\000c\000t\000u\000r\000e}{chapter.1}% 3
\BOOKMARK [0][-]{chapter.2}{\376\377\000F\000u\000n\000d\000a\000m\000e\000n\000t\000a\000l\000s\000\040\000a\000n\000d\000\040\000B\000a\000c\000k\000g\000r\000o\000u\000n\000d}{}% 4
\BOOKMARK [1][-]{section.2.1}{\376\377\000S\000h\000o\000r\000t\000e\000s\000t\000\040\000P\000a\000t\000h\000\040\000a\000l\000g\000o\000r\000i\000t\000h\000m\000s}{chapter.2}% 5
\BOOKMARK [2][-]{subsection.2.1.1}{\376\377\000S\000i\000n\000g\000l\000e\000\040\000S\000o\000u\000r\000c\000e\000\040\000S\000h\000o\000r\000t\000e\000s\000t\000\040\000P\000a\000t\000h\000s}{section.2.1}% 6
\BOOKMARK [2][-]{subsection.2.1.2}{\376\377\000A\000l\000l\000\040\000P\000a\000i\000r\000s\000\040\000S\000h\000o\000r\000t\000e\000s\000t\000\040\000P\000a\000t\000h\000s}{section.2.1}% 7
\BOOKMARK [2][-]{subsection.2.1.3}{\376\377\000H\000e\000u\000r\000i\000s\000t\000i\000c\000\040\000A\000p\000p\000r\000o\000a\000c\000h\000e\000s}{section.2.1}% 8
\BOOKMARK [1][-]{section.2.2}{\376\377\000M\000e\000t\000a\000-\000h\000e\000u\000r\000i\000s\000t\000i\000c\000s}{chapter.2}% 9
\BOOKMARK [2][-]{subsection.2.2.1}{\376\377\000A\000n\000t\000\040\000C\000o\000l\000o\000n\000y}{section.2.2}% 10
\BOOKMARK [2][-]{subsection.2.2.2}{\376\377\000C\000a\000l\000c\000u\000l\000a\000t\000i\000o\000n\000s}{section.2.2}% 11
\BOOKMARK [2][-]{subsection.2.2.3}{\376\377\000G\000e\000n\000e\000t\000i\000c\000\040\000A\000l\000g\000o\000r\000i\000t\000h\000m\000s}{section.2.2}% 12
\BOOKMARK [2][-]{subsection.2.2.4}{\376\377\000S\000i\000m\000u\000l\000a\000t\000e\000d\000\040\000A\000n\000n\000e\000a\000l\000i\000n\000g}{section.2.2}% 13
\BOOKMARK [0][-]{chapter.3}{\376\377\000R\000e\000l\000a\000t\000e\000d\000\040\000W\000o\000r\000k}{}% 14
\BOOKMARK [1][-]{section.3.1}{\376\377\000T\000o\000u\000r\0004\000M\000e}{chapter.3}% 15
\BOOKMARK [1][-]{section.3.2}{\376\377\000R\000o\000u\000n\000d\000t\000r\000i\000p\000\040\000p\000a\000t\000h\000s}{chapter.3}% 16
\BOOKMARK [2][-]{subsection.3.2.1}{\376\377\000R\000o\000u\000t\000e\000L\000o\000o\000p\000s\000\040\000\046\000\040\000R\000o\000u\000t\000e\000Y\000o\000u}{section.3.2}% 17
\BOOKMARK [2][-]{subsection.3.2.2}{\376\377\000C\000o\000m\000p\000u\000t\000i\000n\000g\000\040\000R\000u\000n\000n\000i\000n\000g\000\040\000R\000o\000u\000t\000e\000s}{section.3.2}% 18
\BOOKMARK [2][-]{subsection.3.2.3}{\376\377\000C\000o\000m\000p\000u\000t\000i\000n\000g\000\040\000C\000y\000c\000l\000i\000n\000g\000\040\000R\000o\000u\000t\000e\000s}{section.3.2}% 19
\BOOKMARK [1][-]{section.3.3}{\376\377\000A\000p\000p\000s\000\040\000t\000h\000a\000t\000\040\000a\000s\000s\000i\000s\000t\000\040\000w\000i\000t\000h\000\040\000s\000p\000o\000r\000t\000s}{chapter.3}% 20
\BOOKMARK [0][-]{chapter.4}{\376\377\000I\000m\000p\000l\000e\000m\000e\000n\000t\000e\000d\000\040\000C\000h\000a\000n\000g\000e\000s}{}% 21
\BOOKMARK [1][-]{section.4.1}{\376\377\000A\000p\000p\000l\000i\000c\000a\000t\000i\000o\000n}{chapter.4}% 22
\BOOKMARK [2][-]{subsection.4.1.1}{\376\377\000N\000e\000w\000\040\000A\000r\000c\000h\000i\000t\000e\000c\000t\000u\000r\000e}{section.4.1}% 23
\BOOKMARK [2][-]{subsection.4.1.2}{\376\377\000D\000a\000t\000a\000b\000a\000s\000e}{section.4.1}% 24
\BOOKMARK [2][-]{subsection.4.1.3}{\376\377\000I\000n\000t\000e\000r\000f\000a\000c\000e\000\040\000a\000n\000d\000\040\000F\000r\000o\000n\000t\000e\000n\000d\000\040\000c\000h\000a\000n\000g\000e\000s}{section.4.1}% 25
\BOOKMARK [1][-]{section.4.2}{\376\377\000A\000l\000g\000o\000r\000i\000t\000h\000m\000i\000c\000\040\000c\000h\000a\000n\000g\000e\000s}{chapter.4}% 26
\BOOKMARK [2][-]{subsection.4.2.1}{\376\377\000A\000n\000t\000\040\000C\000o\000l\000o\000n\000y}{section.4.2}% 27
\BOOKMARK [2][-]{subsection.4.2.2}{\376\377\000G\000e\000n\000e\000t\000i\000c\000\040\000A\000l\000g\000o\000r\000i\000t\000h\000m\000s}{section.4.2}% 28
\BOOKMARK [2][-]{subsection.4.2.3}{\376\377\000S\000i\000m\000u\000l\000a\000t\000e\000d\000\040\000A\000n\000n\000e\000a\000l\000i\000n\000g}{section.4.2}% 29
\BOOKMARK [1][-]{section.4.3}{\376\377\000P\000a\000r\000a\000m\000e\000t\000e\000r\000\040\000c\000h\000a\000n\000g\000e\000s}{chapter.4}% 30
\BOOKMARK [0][-]{chapter.5}{\376\377\000E\000v\000a\000l\000u\000a\000t\000i\000o\000n}{}% 31
\BOOKMARK [0][-]{chapter.6}{\376\377\000C\000o\000n\000c\000l\000u\000s\000i\000o\000n}{}% 32
\BOOKMARK [1][-]{section.6.1}{\376\377\000R\000e\000s\000u\000l\000t\000s}{chapter.6}% 33
\BOOKMARK [1][-]{section.6.2}{\376\377\000F\000u\000t\000u\000r\000e\000\040\000W\000o\000r\000k}{chapter.6}% 34
\BOOKMARK [0][-]{appendix.A}{\376\377\000S\000o\000u\000r\000c\000e\000\040\000C\000o\000d\000e}{}% 35
\BOOKMARK [0][-]{appendix*.12}{\376\377\000B\000i\000b\000l\000i\000o\000g\000r\000a\000p\000h\000y}{}% 36
\BOOKMARK [0][-]{appendix*.13}{\376\377\000L\000i\000s\000t\000\040\000o\000f\000\040\000F\000i\000g\000u\000r\000e\000s}{}% 37
\BOOKMARK [0][-]{appendix*.14}{\376\377\000L\000i\000s\000t\000\040\000o\000f\000\040\000A\000l\000g\000o\000r\000i\000t\000h\000m\000s}{}% 38
\BOOKMARK [0][-]{appendix*.14}{\376\377\000A\000f\000f\000i\000d\000a\000v\000i\000t}{}% 39
